health
++++
title: Food Log

| Food                  | Calories |
| --------------------- + -------- |
| Protein Shake (1 cup) | 150 |

| Protein Shake (2 cup) | 300 |

| Protein Shake (1 cup) | 150 |
| 20251027-195002 ,Protein Shake (1 cup),150,
| 20251027-195022
| 20251027-195036 | Protein Shake (1 cup) | 150 |
| 20251027-195041 | Protein Shake (1 cup) | 150 |
| 20251027-195045
| 20251027-195441 | Protein Shake (1 cup) | 150 |
| 20251028-065627
| 20251028-065634 | Protein Shake (1 cup) | 150 |
| 20251028-065642 | Protein Shake (1 cup) | 150 |
| 20251028-065701 | Protein Shake (2 cup) | 300 |
| 20251028-065705 | Protein Shake (1 cup) | 150 |
| 20251028-065809
| 20251028-065827 | Protein Shake (1 cup) | 150 |
| 20251028-070113 | Protein Shake (1 cup) | 150 |
| 20251028-070410
| 20251028-070505
| 20251028-071932
| 20251028-071956
| 20251028-072024
| 20251028-072039
| 20251028-072059
| 20251028-072125
| 20251028-072130
| 20251028-072157
| 20251028-072201
| 20251028-072215
| 20251028-072250
| 20251028-072305
| 20251028-074236 | Protein Shake (2 cup) | 300 |
| 20251028-074304 | Protein Shake (2 cup) | 300 |
| 20251028-084510 | Protein Shake (1 cup) | 150 |
| 20251028-084517 | Apple | 50 |
| 20251028-161734 | Protein Shake (1 cup) | 150 |
